0 info it worked if it ends with ok
1 verbose cli [ '/Users/matt/.nvm/versions/node/v4.0.0/bin/node',
1 verbose cli   '/Users/matt/.nvm/versions/node/v4.0.0/bin/npm',
1 verbose cli   'publish' ]
2 info using npm@2.14.2
3 info using node@v4.0.0
4 verbose publish [ '.' ]
5 silly cache add args [ '.', null ]
6 verbose cache add spec .
7 silly cache add parsed spec Result {
7 silly cache add   raw: '.',
7 silly cache add   scope: null,
7 silly cache add   name: null,
7 silly cache add   rawSpec: '.',
7 silly cache add   spec: '/Users/matt/Documents/Github/autovance/hubot-stalk',
7 silly cache add   type: 'directory' }
8 verbose addLocalDirectory /Users/matt/.npm/hubot-stalk/0.0.7/package.tgz not in flight; packing
9 verbose tar pack [ '/Users/matt/.npm/hubot-stalk/0.0.7/package.tgz',
9 verbose tar pack   '/Users/matt/Documents/Github/autovance/hubot-stalk' ]
10 verbose tarball /Users/matt/.npm/hubot-stalk/0.0.7/package.tgz
11 verbose folder /Users/matt/Documents/Github/autovance/hubot-stalk
12 info prepublish hubot-stalk@0.0.7
13 verbose addLocalTarball adding from inside cache /Users/matt/.npm/hubot-stalk/0.0.7/package.tgz
14 silly cache afterAdd hubot-stalk@0.0.7
15 verbose afterAdd /Users/matt/.npm/hubot-stalk/0.0.7/package/package.json not in flight; writing
16 verbose afterAdd /Users/matt/.npm/hubot-stalk/0.0.7/package/package.json written
17 silly publish { name: 'hubot-stalk',
17 silly publish   description: 'Hubot knows what your team is doing.',
17 silly publish   version: '0.0.7',
17 silly publish   author: { name: 'Matt Forster', email: 'forster.matth@gmail.com' },
17 silly publish   license: 'MIT',
17 silly publish   keywords: [ 'team', 'status', 'hubot', 'hubot-scripts', 'stalk' ],
17 silly publish   repository:
17 silly publish    { type: 'git',
17 silly publish      url: 'git://github.com/hubot-scripts/hubot-stalk.git' },
17 silly publish   bugs: { url: 'https://github.com/hubot-scripts/hubot-stalk/issues' },
17 silly publish   dependencies: { 'coffee-script': '~1.6' },
17 silly publish   devDependencies:
17 silly publish    { mocha: '*',
17 silly publish      chai: '*',
17 silly publish      'sinon-chai': '*',
17 silly publish      sinon: '*',
17 silly publish      'grunt-mocha-test': '~0.7.0',
17 silly publish      'grunt-release': '~0.6.0',
17 silly publish      matchdep: '~0.1.2',
17 silly publish      'grunt-contrib-watch': '~0.5.3' },
17 silly publish   main: 'index.coffee',
17 silly publish   scripts: { test: 'grunt test' },
17 silly publish   readme: '# hubot-stalk\n\nHubot knows what your team is doing.\n\nSee [`src/stalk.coffee`](src/stalk.coffee) for full documentation.\n\n## Installation\n\nIn hubot project repo, run:\n\n`npm install hubot-stalk --save`\n\nThen add **hubot-stalk** to your `external-scripts.json`:\n\n```json\n["hubot-stalk"]\n```\n\n## Sample Interaction\n\n```\nuser1>> hubot hello\nhubot>> hello!\n```\n',
17 silly publish   readmeFilename: 'README.md',
17 silly publish   gitHead: 'f2715729e134c07484c051514015118348d824b6',
17 silly publish   homepage: 'https://github.com/hubot-scripts/hubot-stalk#readme',
17 silly publish   _id: 'hubot-stalk@0.0.7',
17 silly publish   _shasum: 'b0b0be306eca4dc69df5ee3a633b8fbcf0e473ab',
17 silly publish   _from: '.' }
18 verbose getPublishConfig undefined
19 silly mapToRegistry name hubot-stalk
20 silly mapToRegistry using default registry
21 silly mapToRegistry registry https://registry.npmjs.org/
22 silly mapToRegistry uri https://registry.npmjs.org/hubot-stalk
23 verbose publish registryBase https://registry.npmjs.org/
24 silly publish uploading /Users/matt/.npm/hubot-stalk/0.0.7/package.tgz
25 verbose stack Error: auth required for publishing
25 verbose stack     at CachingRegistryClient.publish (/Users/matt/.nvm/versions/node/v4.0.0/lib/node_modules/npm/node_modules/npm-registry-client/lib/publish.js:30:14)
25 verbose stack     at /Users/matt/.nvm/versions/node/v4.0.0/lib/node_modules/npm/lib/publish.js:134:14
25 verbose stack     at mapToRegistry (/Users/matt/.nvm/versions/node/v4.0.0/lib/node_modules/npm/lib/utils/map-to-registry.js:55:3)
25 verbose stack     at publish_ (/Users/matt/.nvm/versions/node/v4.0.0/lib/node_modules/npm/lib/publish.js:104:3)
25 verbose stack     at Array.<anonymous> (/Users/matt/.nvm/versions/node/v4.0.0/lib/node_modules/npm/node_modules/slide/lib/bind-actor.js:15:8)
25 verbose stack     at LOOP (/Users/matt/.nvm/versions/node/v4.0.0/lib/node_modules/npm/node_modules/slide/lib/chain.js:15:14)
25 verbose stack     at LOOP (/Users/matt/.nvm/versions/node/v4.0.0/lib/node_modules/npm/node_modules/slide/lib/chain.js:14:28)
25 verbose stack     at chain (/Users/matt/.nvm/versions/node/v4.0.0/lib/node_modules/npm/node_modules/slide/lib/chain.js:20:5)
25 verbose stack     at /Users/matt/.nvm/versions/node/v4.0.0/lib/node_modules/npm/lib/publish.js:73:5
25 verbose stack     at RES (/Users/matt/.nvm/versions/node/v4.0.0/lib/node_modules/npm/node_modules/inflight/inflight.js:23:14)
26 verbose cwd /Users/matt/Documents/Github/autovance/hubot-stalk
27 error Darwin 14.5.0
28 error argv "/Users/matt/.nvm/versions/node/v4.0.0/bin/node" "/Users/matt/.nvm/versions/node/v4.0.0/bin/npm" "publish"
29 error node v4.0.0
30 error npm  v2.14.2
31 error code ENEEDAUTH
32 error need auth auth required for publishing
32 error need auth You need to authorize this machine using `npm adduser`
33 verbose exit [ 1, true ]
